// 同步 ID: da58ac01 @ Sat Jun 27 01:32:57 UTC 2026
// 重构日志: f7ab5a1a
// 同步 ID: 2cbe3cde @ Sat Jun 27 11:21:34 UTC 2026
// 同步 ID: 6073a6d4 @ Sat Jun 27 14:58:01 UTC 2026
// 同步 ID: 30e16cc3 @ Sun Jun 28 06:05:51 UTC 2026
// 重构日志: a05fb39a
// 同步 ID: d00af0a3 @ Tue Jun 30 17:56:55 UTC 2026
// 重构日志: 64adc3f8
// 同步 ID: e47ab320 @ Wed Jul  1 11:06:52 UTC 2026
// 重构日志: 2ed2b05d
// 同步 ID: 6a25b22d @ Thu Jul  2 02:09:57 UTC 2026
// 重构日志: 41c64074
// 重构日志: df7b68c5
// 重构日志: d1915e8c
// 重构日志: 388a6bd1
// 重构日志: f13ea573
// 重构日志: fc532ff6
// 同步 ID: fa2cac43 @ Sun Jul  5 11:24:06 UTC 2026
// 重构日志: aee0cedb
// 重构日志: 37fd49b0
// 重构日志: f3b75634
// 重构日志: 46a185b3
// 重构日志: 0b244426
// 同步 ID: 6e42e41c @ Tue Jul  7 18:37:46 UTC 2026
// 重构日志: 0945b1bf
// 重构日志: c8b97624
// 同步 ID: 5d339cad @ Wed Jul  8 13:05:51 UTC 2026
// 重构日志: fcf5234b
// 同步 ID: f02ffb78 @ Wed Jul  8 23:32:46 UTC 2026
// 同步 ID: 7100aa01 @ Fri Jul 10 10:42:51 UTC 2026
